This is pdfTeX, Version 3.14159265-2.6-1.40.20 (TeX Live 2019/Debian) (preloaded format=pdflatex 2025.5.15)  20 MAY 2025 14:45
entering extended mode
 restricted \write18 enabled.
 %&-line parsing enabled.
**main.tex
(./main.tex
LaTeX2e <2020-02-02> patch level 2
L3 programming layer <2020-02-14>
(/usr/share/texlive/texmf-dist/tex/latex/base/article.cls
Document Class: article 2019/12/20 v1.4l Standard LaTeX document class
(/usr/share/texlive/texmf-dist/tex/latex/base/size10.clo
File: size10.clo 2019/12/20 v1.4l Standard LaTeX file (size option)
)
\c@part=\count167
\c@section=\count168
\c@subsection=\count169
\c@subsubsection=\count170
\c@paragraph=\count171
\c@subparagraph=\count172
\c@figure=\count173
\c@table=\count174
\abovecaptionskip=\skip47
\belowcaptionskip=\skip48
\bibindent=\dimen134
)
(/usr/share/texlive/texmf-dist/tex/latex/graphics/graphicx.sty
Package: graphicx 2019/11/30 v1.2a Enhanced LaTeX Graphics (DPC,SPQR)

(/usr/share/texlive/texmf-dist/tex/latex/graphics/keyval.sty
Package: keyval 2014/10/28 v1.15 key=value parser (DPC)
\KV@toks@=\toks14
)
(/usr/share/texlive/texmf-dist/tex/latex/graphics/graphics.sty
Package: graphics 2019/11/30 v1.4a Standard LaTeX Graphics (DPC,SPQR)

(/usr/share/texlive/texmf-dist/tex/latex/graphics/trig.sty
Package: trig 2016/01/03 v1.10 sin cos tan (DPC)
)
(/usr/share/texlive/texmf-dist/tex/latex/graphics-cfg/graphics.cfg
File: graphics.cfg 2016/06/04 v1.11 sample graphics configuration
)
Package graphics Info: Driver file: pdftex.def on input line 105.

(/usr/share/texlive/texmf-dist/tex/latex/graphics-def/pdftex.def
File: pdftex.def 2018/01/08 v1.0l Graphics/color driver for pdftex
))
\Gin@req@height=\dimen135
\Gin@req@width=\dimen136
)
(/usr/share/texlive/texmf-dist/tex/latex/amsmath/amsmath.sty
Package: amsmath 2020/01/20 v2.17e AMS math features
\@mathmargin=\skip49

For additional information on amsmath, use the `?' option.
(/usr/share/texlive/texmf-dist/tex/latex/amsmath/amstext.sty
Package: amstext 2000/06/29 v2.01 AMS text

(/usr/share/texlive/texmf-dist/tex/latex/amsmath/amsgen.sty
File: amsgen.sty 1999/11/30 v2.0 generic functions
\@emptytoks=\toks15
\ex@=\dimen137
))
(/usr/share/texlive/texmf-dist/tex/latex/amsmath/amsbsy.sty
Package: amsbsy 1999/11/29 v1.2d Bold Symbols
\pmbraise@=\dimen138
)
(/usr/share/texlive/texmf-dist/tex/latex/amsmath/amsopn.sty
Package: amsopn 2016/03/08 v2.02 operator names
)
\inf@bad=\count175
LaTeX Info: Redefining \frac on input line 227.
\uproot@=\count176
\leftroot@=\count177
LaTeX Info: Redefining \overline on input line 389.
\classnum@=\count178
\DOTSCASE@=\count179
LaTeX Info: Redefining \ldots on input line 486.
LaTeX Info: Redefining \dots on input line 489.
LaTeX Info: Redefining \cdots on input line 610.
\Mathstrutbox@=\box45
\strutbox@=\box46
\big@size=\dimen139
LaTeX Font Info:    Redeclaring font encoding OML on input line 733.
LaTeX Font Info:    Redeclaring font encoding OMS on input line 734.
\macc@depth=\count180
\c@MaxMatrixCols=\count181
\dotsspace@=\muskip16
\c@parentequation=\count182
\dspbrk@lvl=\count183
\tag@help=\toks16
\row@=\count184
\column@=\count185
\maxfields@=\count186
\andhelp@=\toks17
\eqnshift@=\dimen140
\alignsep@=\dimen141
\tagshift@=\dimen142
\tagwidth@=\dimen143
\totwidth@=\dimen144
\lineht@=\dimen145
\@envbody=\toks18
\multlinegap=\skip50
\multlinetaggap=\skip51
\mathdisplay@stack=\toks19
LaTeX Info: Redefining \[ on input line 2859.
LaTeX Info: Redefining \] on input line 2860.
)
(/usr/share/texlive/texmf-dist/tex/latex/amsfonts/amssymb.sty
Package: amssymb 2013/01/14 v3.01 AMS font symbols

(/usr/share/texlive/texmf-dist/tex/latex/amsfonts/amsfonts.sty
Package: amsfonts 2013/01/14 v3.01 Basic AMSFonts support
\symAMSa=\mathgroup4
\symAMSb=\mathgroup5
LaTeX Font Info:    Redeclaring math symbol \hbar on input line 98.
LaTeX Font Info:    Overwriting math alphabet `\mathfrak' in version `bold'
(Font)                  U/euf/m/n --> U/euf/b/n on input line 106.
))
(/usr/share/texlive/texmf-dist/tex/latex/hyperref/hyperref.sty
Package: hyperref 2020/01/14 v7.00d Hypertext links for LaTeX

(/usr/share/texlive/texmf-dist/tex/generic/ltxcmds/ltxcmds.sty
Package: ltxcmds 2019/12/15 v1.24 LaTeX kernel commands for general use (HO)
)
(/usr/share/texlive/texmf-dist/tex/generic/iftex/iftex.sty
Package: iftex 2019/11/07 v1.0c TeX engine tests
)
(/usr/share/texlive/texmf-dist/tex/latex/pdftexcmds/pdftexcmds.sty
Package: pdftexcmds 2019/11/24 v0.31 Utility functions of pdfTeX for LuaTeX (HO
)

(/usr/share/texlive/texmf-dist/tex/generic/infwarerr/infwarerr.sty
Package: infwarerr 2019/12/03 v1.5 Providing info/warning/error messages (HO)
)
Package pdftexcmds Info: \pdf@primitive is available.
Package pdftexcmds Info: \pdf@ifprimitive is available.
Package pdftexcmds Info: \pdfdraftmode found.
)
(/usr/share/texlive/texmf-dist/tex/generic/kvsetkeys/kvsetkeys.sty
Package: kvsetkeys 2019/12/15 v1.18 Key value parser (HO)
)
(/usr/share/texlive/texmf-dist/tex/generic/kvdefinekeys/kvdefinekeys.sty
Package: kvdefinekeys 2019-12-19 v1.6 Define keys (HO)
)
(/usr/share/texlive/texmf-dist/tex/generic/pdfescape/pdfescape.sty
Package: pdfescape 2019/12/09 v1.15 Implements pdfTeX's escape features (HO)
)
(/usr/share/texlive/texmf-dist/tex/latex/hycolor/hycolor.sty
Package: hycolor 2020-01-27 v1.10 Color options for hyperref/bookmark (HO)
)
(/usr/share/texlive/texmf-dist/tex/latex/letltxmacro/letltxmacro.sty
Package: letltxmacro 2019/12/03 v1.6 Let assignment for LaTeX macros (HO)
)
(/usr/share/texlive/texmf-dist/tex/latex/auxhook/auxhook.sty
Package: auxhook 2019-12-17 v1.6 Hooks for auxiliary files (HO)
)
(/usr/share/texlive/texmf-dist/tex/latex/kvoptions/kvoptions.sty
Package: kvoptions 2019/11/29 v3.13 Key value format for package options (HO)
)
\@linkdim=\dimen146
\Hy@linkcounter=\count187
\Hy@pagecounter=\count188

(/usr/share/texlive/texmf-dist/tex/latex/hyperref/pd1enc.def
File: pd1enc.def 2020/01/14 v7.00d Hyperref: PDFDocEncoding definition (HO)
Now handling font encoding PD1 ...
... no UTF-8 mapping file for font encoding PD1
)
(/usr/share/texlive/texmf-dist/tex/generic/intcalc/intcalc.sty
Package: intcalc 2019/12/15 v1.3 Expandable calculations with integers (HO)
)
(/usr/share/texlive/texmf-dist/tex/generic/etexcmds/etexcmds.sty
Package: etexcmds 2019/12/15 v1.7 Avoid name clashes with e-TeX commands (HO)
)
\Hy@SavedSpaceFactor=\count189
\pdfmajorversion=\count190
Package hyperref Info: Hyper figures OFF on input line 4547.
Package hyperref Info: Link nesting OFF on input line 4552.
Package hyperref Info: Hyper index ON on input line 4555.
Package hyperref Info: Plain pages OFF on input line 4562.
Package hyperref Info: Backreferencing OFF on input line 4567.
Package hyperref Info: Implicit mode ON; LaTeX internals redefined.
Package hyperref Info: Bookmarks ON on input line 4800.
\c@Hy@tempcnt=\count191

(/usr/share/texlive/texmf-dist/tex/latex/url/url.sty
\Urlmuskip=\muskip17
Package: url 2013/09/16  ver 3.4  Verb mode for urls, etc.
)
LaTeX Info: Redefining \url on input line 5159.
\XeTeXLinkMargin=\dimen147

(/usr/share/texlive/texmf-dist/tex/generic/bitset/bitset.sty
Package: bitset 2019/12/09 v1.3 Handle bit-vector datatype (HO)

(/usr/share/texlive/texmf-dist/tex/generic/bigintcalc/bigintcalc.sty
Package: bigintcalc 2019/12/15 v1.5 Expandable calculations on big integers (HO
)
))
\Fld@menulength=\count192
\Field@Width=\dimen148
\Fld@charsize=\dimen149
Package hyperref Info: Hyper figures OFF on input line 6430.
Package hyperref Info: Link nesting OFF on input line 6435.
Package hyperref Info: Hyper index ON on input line 6438.
Package hyperref Info: backreferencing OFF on input line 6445.
Package hyperref Info: Link coloring OFF on input line 6450.
Package hyperref Info: Link coloring with OCG OFF on input line 6455.
Package hyperref Info: PDF/A mode OFF on input line 6460.
LaTeX Info: Redefining \ref on input line 6500.
LaTeX Info: Redefining \pageref on input line 6504.

(/usr/share/texlive/texmf-dist/tex/generic/atbegshi/atbegshi.sty
Package: atbegshi 2019/12/05 v1.19 At begin shipout hook (HO)
)
\Hy@abspage=\count193
\c@Item=\count194
\c@Hfootnote=\count195
)
Package hyperref Info: Driver (autodetected): hpdftex.

(/usr/share/texlive/texmf-dist/tex/latex/hyperref/hpdftex.def
File: hpdftex.def 2020/01/14 v7.00d Hyperref driver for pdfTeX

(/usr/share/texlive/texmf-dist/tex/latex/atveryend/atveryend.sty
Package: atveryend 2019-12-11 v1.11 Hooks at the very end of document (HO)
Package atveryend Info: \enddocument detected (standard20110627).
)
\Fld@listcount=\count196
\c@bookmark@seq@number=\count197

(/usr/share/texlive/texmf-dist/tex/latex/rerunfilecheck/rerunfilecheck.sty
Package: rerunfilecheck 2019/12/05 v1.9 Rerun checks for auxiliary files (HO)

(/usr/share/texlive/texmf-dist/tex/generic/uniquecounter/uniquecounter.sty
Package: uniquecounter 2019/12/15 v1.4 Provide unlimited unique counter (HO)
)
Package uniquecounter Info: New unique counter `rerunfilecheck' on input line 2
86.
)
\Hy@SectionHShift=\skip52
)
(/usr/share/texlive/texmf-dist/tex/latex/listings/listings.sty
\lst@mode=\count198
\lst@gtempboxa=\box47
\lst@token=\toks20
\lst@length=\count199
\lst@currlwidth=\dimen150
\lst@column=\count266
\lst@pos=\count267
\lst@lostspace=\dimen151
\lst@width=\dimen152
\lst@newlines=\count268
\lst@lineno=\count269
\lst@maxwidth=\dimen153

(/usr/share/texlive/texmf-dist/tex/latex/listings/lstmisc.sty
File: lstmisc.sty 2019/09/10 1.8c (Carsten Heinz)
\c@lstnumber=\count270
\lst@skipnumbers=\count271
\lst@framebox=\box48
)
(/usr/share/texlive/texmf-dist/tex/latex/listings/listings.cfg
File: listings.cfg 2019/09/10 1.8c listings configuration
))
Package: listings 2019/09/10 1.8c (Carsten Heinz)

(/usr/share/texlive/texmf-dist/tex/latex/xcolor/xcolor.sty
Package: xcolor 2016/05/11 v2.12 LaTeX color extensions (UK)

(/usr/share/texlive/texmf-dist/tex/latex/graphics-cfg/color.cfg
File: color.cfg 2016/01/02 v1.6 sample color configuration
)
Package xcolor Info: Driver file: pdftex.def on input line 225.
Package xcolor Info: Model `cmy' substituted by `cmy0' on input line 1348.
Package xcolor Info: Model `hsb' substituted by `rgb' on input line 1352.
Package xcolor Info: Model `RGB' extended on input line 1364.
Package xcolor Info: Model `HTML' substituted by `rgb' on input line 1366.
Package xcolor Info: Model `Hsb' substituted by `hsb' on input line 1367.
Package xcolor Info: Model `tHsb' substituted by `hsb' on input line 1368.
Package xcolor Info: Model `HSB' substituted by `hsb' on input line 1369.
Package xcolor Info: Model `Gray' substituted by `gray' on input line 1370.
Package xcolor Info: Model `wave' substituted by `hsb' on input line 1371.
)
(/usr/share/texlive/texmf-dist/tex/latex/booktabs/booktabs.sty
Package: booktabs 2020/01/12 v1.61803398 Publication quality tables
\heavyrulewidth=\dimen154
\lightrulewidth=\dimen155
\cmidrulewidth=\dimen156
\belowrulesep=\dimen157
\belowbottomsep=\dimen158
\aboverulesep=\dimen159
\abovetopsep=\dimen160
\cmidrulesep=\dimen161
\cmidrulekern=\dimen162
\defaultaddspace=\dimen163
\@cmidla=\count272
\@cmidlb=\count273
\@aboverulesep=\dimen164
\@belowrulesep=\dimen165
\@thisruleclass=\count274
\@lastruleclass=\count275
\@thisrulewidth=\dimen166
)
(/usr/share/texlive/texmf-dist/tex/latex/float/float.sty
Package: float 2001/11/08 v1.3d Float enhancements (AL)
\c@float@type=\count276
\float@exts=\toks21
\float@box=\box49
\@float@everytoks=\toks22
\@floatcapt=\box50
)
(/usr/share/texlive/texmf-dist/tex/latex/psnfss/pifont.sty
Package: pifont 2005/04/12 PSNFSS-v9.2a Pi font support (SPQR) 
LaTeX Font Info:    Trying to load font information for U+pzd on input line 63.


(/usr/share/texlive/texmf-dist/tex/latex/psnfss/upzd.fd
File: upzd.fd 2001/06/04 font definitions for U/pzd.
)
LaTeX Font Info:    Trying to load font information for U+psy on input line 64.


(/usr/share/texlive/texmf-dist/tex/latex/psnfss/upsy.fd
File: upsy.fd 2001/06/04 font definitions for U/psy.
))

! LaTeX Error: Command \xmark undefined.

See the LaTeX manual or LaTeX Companion for explanation.
Type  H <return>  for immediate help.
 ...                                              
                                                  
l.13 \renewcommand{\xmark}
                          {\ding{55}}
? 
! Emergency stop.
 ...                                              
                                                  
l.13 \renewcommand{\xmark}
                          {\ding{55}}
Try typing  <return>  to proceed.
If that doesn't work, type  X <return>  to quit.

 
Here is how much of TeX's memory you used:
 7284 strings out of 483183
 103896 string characters out of 5966292
 362460 words of memory out of 5000000
 22220 multiletter control sequences out of 15000+600000
 533028 words of font info for 26 fonts, out of 8000000 for 9000
 14 hyphenation exceptions out of 8191
 34i,0n,37p,220b,218s stack positions out of 5000i,500n,10000p,200000b,80000s
!  ==> Fatal error occurred, no output PDF file produced!
 17.
LaTeX Font Info:    ... okay on input line 17.
LaTeX Font Info:    Checking defaults for PD1/pdf/m/n on input line 17.
LaTeX Font Info:    ... okay on input line 17.
 (/usr/share/texlive/texmf-dist/tex/context/base/mkii/supp-pdf.mkii
[Loading MPS to PDF converter (version 2006.09.02).]
\scratchcounter=\count278
\scratchdimen=\dimen167
\scratchbox=\box52
\nofMPsegments=\count279
\nofMParguments=\count280
\everyMPshowfont=\toks23
\MPscratchCnt=\count281
\MPscratchDim=\dimen168
\MPnumerator=\count282
\makeMPintoPDFobject=\count283
\everyMPtoPDFconversion=\toks24
) (/usr/share/texlive/texmf-dist/tex/latex/epstopdf-pkg/epstopdf-base.sty
Package: epstopdf-base 2020-01-24 v2.11 Base part for package epstopdf
Package epstopdf-base Info: Redefining graphics rule for `.eps' on input line 4
85.

(/usr/share/texlive/texmf-dist/tex/latex/latexconfig/epstopdf-sys.cfg
File: epstopdf-sys.cfg 2010/07/13 v1.3 Configuration of (r)epstopdf for TeX Liv
e
))
\AtBeginShipoutBox=\box53
Package hyperref Info: Link coloring OFF on input line 17.

(/usr/share/texlive/texmf-dist/tex/latex/hyperref/nameref.sty
Package: nameref 2019/09/16 v2.46 Cross-referencing by name of section

(/usr/share/texlive/texmf-dist/tex/latex/refcount/refcount.sty
Package: refcount 2019/12/15 v3.6 Data extraction from label references (HO)
)
(/usr/share/texlive/texmf-dist/tex/generic/gettitlestring/gettitlestring.sty
Package: gettitlestring 2019/12/15 v1.6 Cleanup title references (HO)
)
\c@section@level=\count284
)
LaTeX Info: Redefining \ref on input line 17.
LaTeX Info: Redefining \pageref on input line 17.
LaTeX Info: Redefining \nameref on input line 17.

(./main.out) (./main.out)
\@outlinefile=\write3
\openout3 = `main.out'.

\c@lstlisting=\count285
LaTeX Font Info:    Trying to load font information for U+msa on input line 20.


(/usr/share/texlive/texmf-dist/tex/latex/amsfonts/umsa.fd
File: umsa.fd 2013/01/14 v3.01 AMS symbols A
)
LaTeX Font Info:    Trying to load font information for U+msb on input line 20.


(/usr/share/texlive/texmf-dist/tex/latex/amsfonts/umsb.fd
File: umsb.fd 2013/01/14 v3.01 AMS symbols B
) (./main.toc
Underfull \hbox (badness 3240) in paragraph at lines 2--2
 [][] [][]\OT1/cmr/m/n/10 The Crit-i-cal Role of In-dex-ers in 
 []


Underfull \hbox (badness 2181) in paragraph at lines 38--38
 [][] [][]\OT1/cmr/m/n/10 Comparative Anal-y-sis of the Two 
 []

[1{/var/lib/texmf/fonts/map/pdftex/updmap/pdftex.map}


])
\tf@toc=\write4
\openout4 = `main.toc'.

 (./0-abstract.tex)
(./1-introduction.tex
Underfull \hbox (badness 2538) in paragraph at lines 5--6
\OT1/cmr/m/n/10 its unique object-centric data model and high
 []

[2]
Underfull \hbox (badness 3780) in paragraph at lines 14--15
[]\OT1/cmr/bx/n/10 Real-time Fron-tend Up-dates: \OT1/cmr/m/n/10 Mod-ern
 []


Underfull \hbox (badness 1859) in paragraph at lines 39--40
\OT1/cmr/m/n/10 that al-lows de-vel-op-ers to spec-ify both the
 []


Underfull \hbox (badness 10000) in paragraph at lines 40--41
[]\OT1/cmr/m/n/10 A so-called generic in-dex-ing so-lu-tion
 []


Underfull \hbox (badness 10000) in paragraph at lines 40--41
\OT1/cmr/m/n/10 (sui[]indexer[]checkpointTx) that au-to-mat-i-
 []


Underfull \hbox (badness 1072) in paragraph at lines 40--41
\OT1/cmr/m/n/10 the data ex-trac-tion, en-abling teams to run
 []

[3]) (./2-background.tex
Underfull \hbox (badness 10000) in paragraph at lines 1--1
[]\OT1/cmr/bx/n/14.4 Background and Cur-rent
 []


Underfull \hbox (badness 1817) in paragraph at lines 28--29
[]\OT1/cmr/bx/n/10 Transaction Sign-ing: \OT1/cmr/m/n/10 The trans-ac-tion is
 []

[4]
Underfull \hbox (badness 1122) in paragraph at lines 78--78
[]\OT1/cmr/bx/n/10 Current Third-Party In-dex-ing So-lu-
 []


Underfull \hbox (badness 1205) in paragraph at lines 97--98
[]\OT1/cmr/bx/n/10 Checkpoints Ta-ble: \OT1/cmr/m/n/10 Main-tains check-point
 []


Underfull \hbox (badness 3623) in paragraph at lines 102--102
[]\OT1/cmr/bx/n/12 Limitations and Chal-lenges of
 []


Underfull \hbox (badness 1184) in paragraph at lines 107--108
\OT1/cmr/m/n/10 tom in-dexer re-quires deep un-der-stand-ing of
 []

[5]) (./3-contribution1.tex
Underfull \hbox (badness 1448) in paragraph at lines 3--4
\OT1/cmr/m/n/10 data in-dex-ing on Sui through a mod-u-lar SDK
 []


Underfull \hbox (badness 1838) in paragraph at lines 3--4
\OT1/cmr/m/n/10 ap-proach. This im-ple-men-ta-tion, found in the
 []

[6]
Overfull \hbox (10.99811pt too wide) in paragraph at lines 58--58
 []    \OT1/cmtt/m/n/10 indexer.set_filter_callback_for_field([] 
 []


Overfull \hbox (42.49783pt too wide) in paragraph at lines 64--64
 []    \OT1/cmtt/m/n/10 indexer.set_filter_package(package_address);[] 
 []

[7]
Underfull \hbox (badness 1852) in paragraph at lines 121--122
[]\OT1/cmr/m/n/10 Using the mod-u-lar SDK, the im-ple-men-ta-tion
 []


Underfull \hbox (badness 1789) in paragraph at lines 127--128
[]\OT1/cmr/m/n/10 Store the pro-cessed data in a Post-greSQL
 []

[8]
Underfull \hbox (badness 3758) in paragraph at lines 143--144
[]\OT1/cmr/m/n/10 Future work could ad-dress these lim-i-ta-tions
 []

) (./4-contribution2.tex
Underfull \hbox (badness 7064) in paragraph at lines 1--1
[]\OT1/cmr/bx/n/14.4 Contribution 2: Generic
 []


Overfull \hbox (16.24806pt too wide) in paragraph at lines 45--45
 []        \OT1/cmtt/m/n/10 package_filter: Option<SuiAddress>,[] 
 []


Overfull \hbox (121.24715pt too wide) in paragraph at lines 45--45
 []        \OT1/cmtt/m/n/10 field_callbacks: HashMap<IndexField, FieldCallback<
T>>,[] 
 []

[9]
Overfull \hbox (105.49728pt too wide) in paragraph at lines 53--53
 []    \OT1/cmtt/m/n/10 fn check_package(&self, package_id: &ObjectID) -> bool 
{[] 
 []


Overfull \hbox (131.74706pt too wide) in paragraph at lines 53--53
 []        \OT1/cmtt/m/n/10 package_id.to_string() == self.package_filter.to_st
ring()[] 
 []


Overfull \hbox (84.49747pt too wide) in paragraph at lines 62--62
 []    \OT1/cmtt/m/n/10 REMOTE_STORE_URL=https://fullnode.mainnet.sui.io:443[] 

 []


Underfull \hbox (badness 3148) in paragraph at lines 107--108
[]\OT1/cmr/m/n/10 Set the PACK-AGE[]ADDRESS en-vi-ron-ment
 []

[10]
Underfull \hbox (badness 10000) in paragraph at lines 115--115
[]\OT1/cmr/bx/n/12 Advantages for Non-Technical
 []


Underfull \hbox (badness 3758) in paragraph at lines 139--140
[]\OT1/cmr/m/n/10 Future work could ad-dress these lim-i-ta-tions
 []

) (./5-analysis.tex
Underfull \hbox (badness 3780) in paragraph at lines 1--1
[]\OT1/cmr/bx/n/14.4 Analysis and Com-par-a-tive
 []


Underfull \hbox (badness 10000) in paragraph at lines 13--14
[]\OT1/cmr/bx/n/10 So-called
 []


Underfull \hbox (badness 10000) in paragraph at lines 13--14
\OT1/cmr/bx/n/10 Generic In-dexer
 []


Overfull \hbox (36.65436pt too wide) in paragraph at lines 13--14
\OT1/cmr/bx/n/10 (sui[]indexer[]checkpointTx)| 
 []


Underfull \hbox (badness 6927) in paragraph at lines 17--17
[]\OT1/cmr/m/n/10 High (database and
 []


Underfull \hbox (badness 10000) in paragraph at lines 18--18
[]\OT1/cmr/m/n/10 Developer-specified
 []


Underfull \hbox (badness 3343) in paragraph at lines 18--19
[]\OT1/cmr/m/n/10 Fixed (no choice of
 []


Overfull \hbox (105.25392pt too wide) in paragraph at lines 11--25
 [][] 
 []


LaTeX Warning: `h' float specifier changed to `ht'.


Underfull \hbox (badness 1112) in paragraph at lines 36--37
[]\OT1/cmr/bx/n/10 Implementation Trade-offs: \OT1/cmr/m/n/10 The mod-u-lar
 []

[11]
Overfull \hbox (9.14127pt too wide) in paragraph at lines 51--51
[]\OT1/cmr/bx/n/10 Modular
 []


Overfull \hbox (4.87048pt too wide) in paragraph at lines 51--51
[]\OT1/cmr/bx/n/10 Generic
 []


Underfull \hbox (badness 10000) in paragraph at lines 51--51
\OT1/cmr/bx/n/10 In-
 []


Overfull \hbox (4.89267pt too wide) in paragraph at lines 51--51
[]\OT1/cmr/bx/n/10 Custom
 []


Underfull \hbox (badness 10000) in paragraph at lines 51--51
\OT1/cmr/bx/n/10 In-
 []


Underfull \hbox (badness 10000) in paragraph at lines 51--52
[]\OT1/cmr/bx/n/10 Sui
 []


Overfull \hbox (6.34865pt too wide) in paragraph at lines 55--55
[]\OT1/cmr/m/n/10 Customizability| 
 []


Underfull \hbox (badness 10000) in paragraph at lines 56--56
[]\OT1/cmr/m/n/10 Dev Time
 []


Overfull \hbox (7.55132pt too wide) in paragraph at lines 57--57
[]\OT1/cmr/m/n/10 Moderate| 
 []


Underfull \hbox (badness 7888) in paragraph at lines 59--59
[]\OT1/cmr/m/n/10 Query Flex-i-
 []


Overfull \hbox (75.81206pt too wide) in paragraph at lines 49--62
 [][] 
 []


LaTeX Warning: `h' float specifier changed to `ht'.


Overfull \hbox (62.57478pt too wide) in paragraph at lines 98--108
 [][] 
 []


LaTeX Warning: `h' float specifier changed to `ht'.


Underfull \hbox (badness 1303) in paragraph at lines 112--112
[]\OT1/cmr/bx/n/12 Developer Ex-pe-ri-ence En-hance-
 []

[12pdfTeX warning (ext4): destination with the same identifier (name{table.1}) 
has been already used, duplicate ignored

\AtBegShi@Output ...ipout \box \AtBeginShipoutBox 
                                                  \fi \fi 
l.115 
      pdfTeX warning (ext4): destination with the same identifier (name{table.2
}) has been already used, duplicate ignored

\AtBegShi@Output ...ipout \box \AtBeginShipoutBox 
                                                  \fi \fi 
l.115 
      ]
Underfull \hbox (badness 1603) in paragraph at lines 144--145
\OT1/cmr/m/n/10 Based on our re-search and de-vel-oper feed-back,
 []


Underfull \hbox (badness 1776) in paragraph at lines 155--156
[]\OT1/cmr/bx/n/10 Resource Re-al-lo-ca-tion: \OT1/cmr/m/n/10 De-vel-op-ment re
-
 []

[13pdfTeX warning (ext4): destination with the same identifier (name{table.3}) 
has been already used, duplicate ignored

\AtBegShi@Output ...ipout \box \AtBeginShipoutBox 
                                                  \fi \fi 
l.168 
      ]) (./8-conclusion.tex
Underfull \hbox (badness 10000) in paragraph at lines 12--13
[]\OT1/cmr/bx/n/10 So-called Generic Package-Based In-
 []


Underfull \hbox (badness 3219) in paragraph at lines 12--13
\OT1/cmr/bx/n/10 dexer: \OT1/cmr/m/n/10 A stream-lined, zero-code so-lu-tion
 []


Underfull \hbox (badness 1383) in paragraph at lines 12--13
\OT1/cmr/m/n/10 choose the database type or cus-tomize the
 []

[14]
Underfull \hbox (badness 10000) in paragraph at lines 53--53
[]\OT1/cmr/bx/n/12 Broader Im-pli-ca-tions for
 []


Underfull \hbox (badness 3746) in paragraph at lines 55--56
\OT1/cmr/m/n/10 unique to Sui but are com-mon across many
 []

) (./Acknowledgments.tex [15]) (./Bibliography.tex
Underfull \hbox (badness 10000) in paragraph at lines 26--29
[]\OT1/cmr/m/n/10 SubQuery, ``Sub-Query Net-work:
 []


Underfull \hbox (badness 10000) in paragraph at lines 26--29
\OT1/cmr/m/n/10 Sui In-dex-ing Doc-u-men-ta-tion,''
 []


Underfull \hbox (badness 10000) in paragraph at lines 36--39
[]\OT1/cmr/m/n/10 Mysten Labs, ``Sui Alt Frame-
 []


Underfull \hbox (badness 10000) in paragraph at lines 36--39
\OT1/cmr/m/n/10 work,'' GitHub Repos-i-tory,
 []

) (./Definition_of_terms.tex
Underfull \hbox (badness 3168) in paragraph at lines 10--11
[]\OT1/cmr/m/n/10 The pro-cess of or-ga-niz-ing and
 []

[16]
Underfull \hbox (badness 2753) in paragraph at lines 26--27
[]\OT1/cmr/m/n/10 Sui's ap-proach to data
 []

)
Package atveryend Info: Empty hook `BeforeClearDocument' on input line 34.
 [17]
Package atveryend Info: Empty hook `AfterLastShipout' on input line 34.
 (./main.aux)
Package atveryend Info: Executing hook `AtVeryEndDocument' on input line 34.
Package atveryend Info: Executing hook `AtEndAfterFileList' on input line 34.
Package rerunfilecheck Info: File `main.out' has not changed.
(rerunfilecheck)             Checksum: 42D6326ECEEEEFDA4C334761116B1496;4323.
Package atveryend Info: Empty hook `AtVeryVeryEnd' on input line 34.
 ) 
Here is how much of TeX's memory you used:
 8462 strings out of 483183
 121808 string characters out of 5966292
 392493 words of memory out of 5000000
 23181 multiletter control sequences out of 15000+600000
 541394 words of font info for 59 fonts, out of 8000000 for 9000
 14 hyphenation exceptions out of 8191
 34i,11n,37p,1417b,435s stack positions out of 5000i,500n,10000p,200000b,80000s
 </root/.texlive2019/texmf-var/fonts/pk/ljfour/jknappen/ec/tcrm1000.600pk></u
sr/share/texlive/texmf-dist/fonts/type1/public/amsfonts/cm/cmbx10.pfb></usr/sha
re/texlive/texmf-dist/fonts/type1/public/amsfonts/cm/cmbx12.pfb></usr/share/tex
live/texmf-dist/fonts/type1/public/amsfonts/cm/cmr10.pfb></usr/share/texlive/te
xmf-dist/fonts/type1/public/amsfonts/cm/cmr12.pfb></usr/share/texlive/texmf-dis
t/fonts/type1/public/amsfonts/cm/cmr17.pfb></usr/share/texlive/texmf-dist/fonts
/type1/public/amsfonts/cm/cmtt10.pfb>
Output written on main.pdf (17 pages, 164350 bytes).
PDF statistics:
 484 PDF objects out of 1000 (max. 8388607)
 453 compressed objects within 5 object streams
 130 named destinations out of 1000 (max. 500000)
 433 words of extra memory for PDF output out of 10000 (max. 10000000)

